<?xml version="1.0" encoding="UTF-8"?>
<!-- Generated by org.testng.reporters.JUnitReportReporter -->
<testsuite hostname="Sireesha" failures="0" tests="2" name="Tests.TestJUintTestNG" time="25.975" errors="0" timestamp="2023-04-04T14:40:45 IST" skipped="0">
  <testcase classname="Tests.TestJUintTestNG" name="checkBoxTest" time="9.842"/>
  <system-out/>
  <testcase classname="Tests.TestJUintTestNG" name="buttonsTest" time="16.133"/>
  <system-out/>
</testsuite> <!-- Tests.TestJUintTestNG -->
