<?xml version="1.0" encoding="UTF-8"?>
<!-- Generated by org.testng.reporters.JUnitReportReporter -->
<testsuite hostname="Sireesha" failures="0" tests="2" name="Tests.TestJUint" time="20.341" errors="0" timestamp="2023-03-28T08:54:34 IST" skipped="0">
  <testcase classname="Tests.TestJUint" name="checkBoxTest" time="11.107"/>
  <system-out/>
  <testcase classname="Tests.TestJUint" name="buttonsTest" time="9.234"/>
  <system-out/>
</testsuite> <!-- Tests.TestJUint -->
